<?xml version="1.0" encoding="UTF-8"?>
<testsuite xmlns:xsi="http://www.w3.org/2001/XMLSchema-instance" xsi:noNamespaceSchemaLocation="https://maven.apache.org/surefire/maven-surefire-plugin/xsd/surefire-test-report.xsd" version="3.0.2" name="com.globe.service.CompanyDashboardServiceTest" time="0.943" tests="3" errors="0" skipped="0" failures="0">
  <properties>
[...]
</properties>
  <testcase name="testServiceIsNotNull" classname="com.globe.service.CompanyDashboardServiceTest" time="0.005">
    <system-out><![CDATA[2026-08-14T17:00:30.869+06:00  INFO 16951 --- [           main] t.c.s.AnnotationConfigContextLoaderUtils : Could not detect default configuration classes for test class [com.globe.service.CompanyDashboardServiceTest]: CompanyDashboardServiceTest does not declare any static, non-private, non-final, nested classes annotated with @Configuration.
2026-08-14T17:00:30.875+06:00  INFO 16951 --- [           main] .b.t.c.SpringBootTestContextBootstrapper : Found @SpringBootConfiguration com.globe.GlobeBackendApplication for test class com.globe.service.CompanyDashboardServiceTest
2026-08-14T17:00:30.879+06:00  INFO 16951 --- [           main] o.s.b.d.r.RestartApplicationListener     : Restart disabled due to context in which it is running

  .   ____          _            __ _ _
 /\\ / ___'_ __ _ _(_)_ __  __ _ \ \ \ \
( ( )\___ | '_ | '_| | '_ \/ _` | \ \ \ \
 \\/  ___)| |_)| | | | | || (_| |  ) ) ) )
  '  |____| .__|_| |_|_| |_\__, | / / / /
 =========|_|==============|___/=/_/_/_/

 :: Spring Boot ::                (v3.4.2)

2026-08-14T17:00:30.905+06:00  INFO 16951 --- [           main] c.g.service.CompanyDashboardServiceTest  : Starting CompanyDashboardServiceTest using Java 26.0.1 with PID 16951 (started by ashraf in /Users/ashraf/globe/globe-backend)
2026-08-14T17:00:30.906+06:00 DEBUG 16951 --- [           main] c.g.service.CompanyDashboardServiceTest  : Running with Spring Boot v3.4.2, Spring v6.2.2
2026-08-14T17:00:30.906+06:00  INFO 16951 --- [           main] c.g.service.CompanyDashboardServiceTest  : The following 1 profile is active: "test"
2026-08-14T17:00:31.036+06:00  INFO 16951 --- [           main] .s.d.r.c.RepositoryConfigurationDelegate : Bootstrapping Spring Data JPA repositories in DEFAULT mode.
2026-08-14T17:00:31.048+06:00  INFO 16951 --- [           main] .s.d.r.c.RepositoryConfigurationDelegate : Finished Spring Data repository scanning in 10 ms. Found 14 JPA repository interfaces.
2026-08-14T17:00:31.132+06:00  INFO 16951 --- [           main] o.hibernate.jpa.internal.util.LogHelper  : HHH000204: Processing PersistenceUnitInfo [name: default]
2026-08-14T17:00:31.134+06:00  INFO 16951 --- [           main] o.h.c.internal.RegionFactoryInitiator    : HHH000026: Second-level cache disabled
2026-08-14T17:00:31.140+06:00  INFO 16951 --- [           main] o.s.o.j.p.SpringPersistenceUnitInfo      : No LoadTimeWeaver setup: ignoring JPA class transformer
2026-08-14T17:00:31.141+06:00  INFO 16951 --- [           main] com.zaxxer.hikari.HikariDataSource       : HikariPool-2 - Starting...
2026-08-14T17:00:31.142+06:00  INFO 16951 --- [           main] com.zaxxer.hikari.pool.HikariPool        : HikariPool-2 - Added connection conn70: url=jdbc:h2:mem:testdb user=SA
2026-08-14T17:00:31.143+06:00  INFO 16951 --- [           main] com.zaxxer.hikari.HikariDataSource       : HikariPool-2 - Start completed.
2026-08-14T17:00:31.143+06:00  WARN 16951 --- [           main] org.hibernate.orm.deprecation            : HHH90000025: H2Dialect does not need to be specified explicitly using 'hibernate.dialect' (remove the property setting and it will be selected by default)
2026-08-14T17:00:31.143+06:00  INFO 16951 --- [           main] org.hibernate.orm.connections.pooling    : HHH10001005: Database info:
	Database JDBC URL [Connecting through datasource 'HikariDataSource (HikariPool-2)']
	Database driver: undefined/unknown
	Database version: 2.3.232
	Autocommit mode: undefined/unknown
	Isolation level: undefined/unknown
	Minimum pool size: undefined/unknown
	Maximum pool size: undefined/unknown
2026-08-14T17:00:31.292+06:00  INFO 16951 --- [           main] o.h.e.t.j.p.i.JtaPlatformInitiator       : HHH000489: No JTA platform available (set 'hibernate.transaction.jta.platform' to enable JTA platform integration)
Hibernate: 
    drop table if exists attendance_records cascade 
Hibernate: 
    drop table if exists audit_log cascade 
Hibernate: 
    drop table if exists bills cascade 
Hibernate: 
    drop table if exists companies cascade 
Hibernate: 
    drop table if exists company_settings cascade 
Hibernate: 
    drop table if exists employees cascade 
Hibernate: 
    drop table if exists expenses cascade 
Hibernate: 
    drop table if exists global_entries cascade 
Hibernate: 
    drop table if exists inventory_items cascade 
Hibernate: 
    drop table if exists invoices cascade 
Hibernate: 
    drop table if exists notifications cascade 
Hibernate: 
    drop table if exists office_configs cascade 
Hibernate: 
    drop table if exists user_access cascade 
Hibernate: 
    drop table if exists wishlist_items cascade 
Hibernate: 
    create table attendance_records (
        clock_in time(6),
        clock_out time(6),
        date date not null,
        employee_id bigint not null,
        id bigint generated by default as identity,
        company varchar(255) not null,
        employee_name varchar(255) not null,
        notes varchar(255),
        status varchar(255) not null,
        primary key (id)
    )
Hibernate: 
    create table audit_log (
        id bigint generated by default as identity,
        timestamp timestamp(6) not null,
        action varchar(20) not null,
        entity_id varchar(50),
        entity_type varchar(50),
        ip_address varchar(50),
        user_name varchar(100),
        description varchar(500),
        user_email varchar(255) not null,
        primary key (id)
    )
Hibernate: 
    create table bills (
        amount numeric(38,2) not null,
        date_created date not null,
        due_date date not null,
        id bigint generated by default as identity,
        company_code varchar(255) not null,
        description varchar(255),
        status varchar(255) not null,
        vendor varchar(255) not null,
        primary key (id)
    )
Hibernate: 
    create table companies (
        id bigint generated by default as identity,
        code varchar(255) not null unique,
        color varchar(255),
        description varchar(255),
        name varchar(255) not null unique,
        primary key (id)
    )
Hibernate: 
    create table company_settings (
        id bigint generated by default as identity,
        company_code varchar(255) not null,
        setting_key varchar(255) not null,
        setting_value varchar(255) not null,
        primary key (id)
    )
Hibernate: 
    create table employees (
        salary float(53),
        since_year integer not null,
        id bigint generated by default as identity,
        company varchar(255) not null,
        department varchar(255),
        name varchar(255) not null,
        role varchar(255) not null,
        status varchar(255) not null,
        primary key (id)
    )
Hibernate: 
    create table expenses (
        amount numeric(38,2) not null,
        date date not null,
        id bigint generated by default as identity,
        approved_by varchar(255),
        category varchar(255) not null,
        company_code varchar(255) not null,
        description varchar(255),
        primary key (id)
    )
Hibernate: 
    create table global_entries (
        amount numeric(38,2),
        entry_date date not null,
        id bigint generated by default as identity,
        category varchar(255) not null,
        company varchar(255) not null,
        description varchar(255),
        recorded_by varchar(255) not null,
        title varchar(255) not null,
        primary key (id)
    )
Hibernate: 
    create table inventory_items (
        cost numeric(38,2),
        qty integer,
        threshold integer,
        id bigint generated by default as identity,
        company_code varchar(255) not null,
        condition varchar(255),
        name varchar(255) not null,
        subtitle varchar(255),
        type varchar(255),
        unit_id varchar(255),
        primary key (id)
    )
Hibernate: 
    create table invoices (
        amount numeric(38,2) not null,
        due_date date not null,
        issue_date date not null,
        id bigint generated by default as identity,
        client_name varchar(255) not null,
        company_code varchar(255) not null,
        status varchar(255) not null,
        primary key (id)
    )
Hibernate: 
    create table notifications (
        is_read boolean not null,
        created_at timestamp(6),
        id bigint generated by default as identity,
        message varchar(255),
        type varchar(255),
        primary key (id)
    )
Hibernate: 
    create table office_configs (
        grace_period_minutes integer not null,
        work_end_time time(6) not null,
        work_start_time time(6) not null,
        id bigint generated by default as identity,
        company varchar(255) not null unique,
        work_days varchar(255) not null,
        primary key (id)
    )
Hibernate: 
    create table user_access (
        id bigint generated by default as identity,
        theme varchar(20),
        company_access varchar(1000),
        email varchar(255) not null unique,
        name varchar(255) not null,
        password varchar(255) not null,
        role varchar(255) not null,
        primary key (id)
    )
Hibernate: 
    create table wishlist_items (
        estimated_cost numeric(38,2),
        id bigint generated by default as identity,
        company_code varchar(255) not null,
        link varchar(255),
        name varchar(255) not null,
        notes varchar(255),
        priority varchar(255),
        requested_by varchar(255),
        status varchar(255),
        subtitle varchar(255),
        primary key (id)
    )
Hibernate: 
    create index idx_audit_timestamp 
       on audit_log (timestamp)
Hibernate: 
    create index idx_audit_action 
       on audit_log (action)
Hibernate: 
    create index idx_audit_entity_type 
       on audit_log (entity_type)
Hibernate: 
    create index idx_audit_user_email 
       on audit_log (user_email)
2026-08-14T17:00:31.308+06:00  INFO 16951 --- [           main] j.LocalContainerEntityManagerFactoryBean : Initialized JPA EntityManagerFactory for persistence unit 'default'
2026-08-14T17:00:31.385+06:00  INFO 16951 --- [           main] r$InitializeUserDetailsManagerConfigurer : Global AuthenticationManager configured with UserDetailsService bean with name userDetailsService
2026-08-14T17:00:31.498+06:00 DEBUG 16951 --- [           main] o.s.s.web.DefaultSecurityFilterChain     : Will secure any request with filters: DisableEncodeUrlFilter, WebAsyncManagerIntegrationFilter, SecurityContextHolderFilter, HeaderWriterFilter, CorsFilter, RequestCacheAwareFilter, SecurityContextHolderAwareRequestFilter, AnonymousAuthenticationFilter, ExceptionTranslationFilter, AuthorizationFilter
2026-08-14T17:00:31.542+06:00  INFO 16951 --- [           main] o.s.b.a.h2.H2ConsoleAutoConfiguration    : H2 console available at '/h2-console'. Database available at 'jdbc:h2:mem:testdb'
2026-08-14T17:00:31.557+06:00  INFO 16951 --- [           main] c.g.service.CompanyDashboardServiceTest  : Started CompanyDashboardServiceTest in 0.677 seconds (process running for 8.44)
Hibernate: 
    select
        count(*) 
    from
        companies c1_0
Hibernate: 
    insert 
    into
        companies
        (code, color, description, name, id) 
    values
        (?, ?, ?, ?, default)
Hibernate: 
    insert 
    into
        companies
        (code, color, description, name, id) 
    values
        (?, ?, ?, ?, default)
Hibernate: 
    insert 
    into
        companies
        (code, color, description, name, id) 
    values
        (?, ?, ?, ?, default)
Hibernate: 
    insert 
    into
        companies
        (code, color, description, name, id) 
    values
        (?, ?, ?, ?, default)
Hibernate: 
    select
        count(*) 
    from
        employees e1_0
Hibernate: 
    insert 
    into
        employees
        (company, department, name, role, salary, since_year, status, id) 
    values
        (?, ?, ?, ?, ?, ?, ?, default)
Hibernate: 
    insert 
    into
        employees
        (company, department, name, role, salary, since_year, status, id) 
    values
        (?, ?, ?, ?, ?, ?, ?, default)
Hibernate: 
    insert 
    into
        employees
        (company, department, name, role, salary, since_year, status, id) 
    values
        (?, ?, ?, ?, ?, ?, ?, default)
Hibernate: 
    insert 
    into
        employees
        (company, department, name, role, salary, since_year, status, id) 
    values
        (?, ?, ?, ?, ?, ?, ?, default)
Hibernate: 
    insert 
    into
        employees
        (company, department, name, role, salary, since_year, status, id) 
    values
        (?, ?, ?, ?, ?, ?, ?, default)
Hibernate: 
    insert 
    into
        employees
        (company, department, name, role, salary, since_year, status, id) 
    values
        (?, ?, ?, ?, ?, ?, ?, default)
Hibernate: 
    insert 
    into
        employees
        (company, department, name, role, salary, since_year, status, id) 
    values
        (?, ?, ?, ?, ?, ?, ?, default)
Hibernate: 
    insert 
    into
        employees
        (company, department, name, role, salary, since_year, status, id) 
    values
        (?, ?, ?, ?, ?, ?, ?, default)
Hibernate: 
    insert 
    into
        employees
        (company, department, name, role, salary, since_year, status, id) 
    values
        (?, ?, ?, ?, ?, ?, ?, default)
Hibernate: 
    select
        count(*) 
    from
        office_configs oc1_0
Hibernate: 
    insert 
    into
        office_configs
        (company, grace_period_minutes, work_days, work_end_time, work_start_time, id) 
    values
        (?, ?, ?, ?, ?, default)
Hibernate: 
    insert 
    into
        office_configs
        (company, grace_period_minutes, work_days, work_end_time, work_start_time, id) 
    values
        (?, ?, ?, ?, ?, default)
Hibernate: 
    insert 
    into
        office_configs
        (company, grace_period_minutes, work_days, work_end_time, work_start_time, id) 
    values
        (?, ?, ?, ?, ?, default)
Hibernate: 
    insert 
    into
        office_configs
        (company, grace_period_minutes, work_days, work_end_time, work_start_time, id) 
    values
        (?, ?, ?, ?, ?, default)
Hibernate: 
    select
        count(*) 
    from
        user_access ua1_0
Hibernate: 
    insert 
    into
        user_access
        (company_access, email, name, password, role, theme, id) 
    values
        (?, ?, ?, ?, ?, ?, default)
✅ Default admin user seeded: ashraf@globe.com / admin123
Hibernate: 
    select
        ua1_0.id,
        ua1_0.company_access,
        ua1_0.email,
        ua1_0.name,
        ua1_0.password,
        ua1_0.role,
        ua1_0.theme 
    from
        user_access ua1_0 
    where
        ua1_0.email=?
Hibernate: 
    insert 
    into
        user_access
        (company_access, email, name, password, role, theme, id) 
    values
        (?, ?, ?, ?, ?, ?, default)
✅ HR user seeded: rafi@globe.com / hr123
Hibernate: 
    select
        count(*) 
    from
        companies c1_0
]]></system-out>
  </testcase>
  <testcase name="testServiceClass" classname="com.globe.service.CompanyDashboardServiceTest" time="0.006"/>
  <testcase name="testServiceLoads" classname="com.globe.service.CompanyDashboardServiceTest" time="0.008"/>
</testsuite>